<!DOCTYPE html>
<html>
<head>
<meta http-equiv="Content-Type" content="text/html; charset=utf-8"/>
<meta http-equiv="x-ua-compatible" content="IE=edge"/>
<title>Test results - Class uTest register</title>
<link href="../css/base-style.css" rel="stylesheet" type="text/css"/>
<link href="../css/style.css" rel="stylesheet" type="text/css"/>
<script src="../js/report.js" type="text/javascript"></script>
</head>
<body>
<div id="content">
<h1>Class uTest register</h1>
<div class="breadcrumbs">
<a href="../index.html">all</a> &gt; 
<a href="../packages/default-package.html">default-package</a> &gt; uTest register</div>
<div id="summary">
<table>
<tr>
<td>
<div class="summaryGroup">
<table>
<tr>
<td>
<div class="infoBox" id="tests">
<div class="counter">1</div>
<p>tests</p>
</div>
</td>
<td>
<div class="infoBox" id="failures">
<div class="counter">1</div>
<p>failures</p>
</div>
</td>
<td>
<div class="infoBox" id="ignored">
<div class="counter">0</div>
<p>ignored</p>
</div>
</td>
<td>
<div class="infoBox" id="duration">
<div class="counter">31.142s</div>
<p>duration</p>
</div>
</td>
</tr>
</table>
</div>
</td>
<td>
<div class="infoBox failures" id="successRate">
<div class="percent">0%</div>
<p>successful</p>
</div>
</td>
</tr>
</table>
</div>
<div id="tabs">
<ul class="tabLinks">
<li>
<a href="#tab0">Failed tests</a>
</li>
<li>
<a href="#tab1">Tests</a>
</li>
<li>
<a href="#tab2">Standard error</a>
</li>
</ul>
<div id="tab0" class="tab">
<h2>Failed tests</h2>
<div class="test">
<a name="Enter the registry by clicking on Join Today"></a>
<h3 class="failures">Enter the registry by clicking on Join Today</h3>
<span class="code">
<pre>org.openqa.selenium.support.ui.UnexpectedTagNameException: Element should have been &quot;select&quot; but was &quot;div&quot;
Build info: version: '3.141.59', revision: 'e82be7d358', time: '2018-11-14T08:17:03'
System info: host: 'LAPTOP-NKQOBQF1', ip: '192.168.56.1', os.name: 'Windows 10', os.arch: 'amd64', os.version: '10.0', java.version: '1.8.0_301'
Driver info: driver.version: unknown
	at org.openqa.selenium.support.ui.Select.&lt;init&gt;(Select.java:48)
	at net.serenitybdd.core.pages.DropdownSelector.byVisibleText(DropdownSelector.java:18)
	at net.serenitybdd.core.pages.WebElementFacadeImpl.selectByVisibleText(WebElementFacadeImpl.java:918)
	at net.serenitybdd.screenplay.actions.selectactions.SelectByVisibleTextFromTarget.performAs(SelectByVisibleTextFromTarget.java:19)
	at net.serenitybdd.screenplay.actions.selectactions.SelectByVisibleTextFromTarget$ByteBuddy$Dg7XQYXe.performAs$accessor$pJuH8Jow(Unknown Source)
	at sun.reflect.NativeMethodAccessorImpl.invoke0(Native Method)
	at sun.reflect.NativeMethodAccessorImpl.invoke(NativeMethodAccessorImpl.java:62)
	at sun.reflect.DelegatingMethodAccessorImpl.invoke(DelegatingMethodAccessorImpl.java:43)
	at java.lang.reflect.Method.invoke(Method.java:498)
	at net.thucydides.core.steps.StepInterceptor.invokeMethod(StepInterceptor.java:471)
	at net.thucydides.core.steps.StepInterceptor.executeTestStepMethod(StepInterceptor.java:451)
	at net.thucydides.core.steps.StepInterceptor.runTestStep(StepInterceptor.java:424)
	at net.thucydides.core.steps.StepInterceptor.runOrSkipMethod(StepInterceptor.java:180)
	at net.thucydides.core.steps.StepInterceptor.testStepResult(StepInterceptor.java:167)
	at net.thucydides.core.steps.StepInterceptor.intercept(StepInterceptor.java:75)
	at net.serenitybdd.screenplay.actions.selectactions.SelectByVisibleTextFromTarget$ByteBuddy$Dg7XQYXe.performAs(Unknown Source)
	at net.serenitybdd.screenplay.Actor.performTask(Actor.java:233)
	at net.serenitybdd.screenplay.Actor.perform(Actor.java:214)
	at net.serenitybdd.screenplay.Actor.attemptsTo(Actor.java:171)
	at co.com.choucair.certification.pruebatecnica.tasks.RegisterUser.performAs(RegisterUser.java:33)
	at co.com.choucair.certification.pruebatecnica.tasks.RegisterUser$ByteBuddy$y2LF3AOy.performAs$accessor$tuKG3b1b(Unknown Source)
	at sun.reflect.NativeMethodAccessorImpl.invoke0(Native Method)
	at sun.reflect.NativeMethodAccessorImpl.invoke(NativeMethodAccessorImpl.java:62)
	at sun.reflect.DelegatingMethodAccessorImpl.invoke(DelegatingMethodAccessorImpl.java:43)
	at java.lang.reflect.Method.invoke(Method.java:498)
	at net.thucydides.core.steps.StepInterceptor.invokeMethod(StepInterceptor.java:471)
	at net.thucydides.core.steps.StepInterceptor.executeTestStepMethod(StepInterceptor.java:451)
	at net.thucydides.core.steps.StepInterceptor.runTestStep(StepInterceptor.java:424)
	at net.thucydides.core.steps.StepInterceptor.runOrSkipMethod(StepInterceptor.java:180)
	at net.thucydides.core.steps.StepInterceptor.testStepResult(StepInterceptor.java:167)
	at net.thucydides.core.steps.StepInterceptor.intercept(StepInterceptor.java:75)
	at co.com.choucair.certification.pruebatecnica.tasks.RegisterUser$ByteBuddy$y2LF3AOy.performAs(Unknown Source)
	at net.serenitybdd.screenplay.Actor.performTask(Actor.java:233)
	at net.serenitybdd.screenplay.Actor.perform(Actor.java:214)
	at net.serenitybdd.screenplay.Actor.attemptsTo(Actor.java:171)
	at co.com.choucair.certification.pruebatecnica.stepdefinitions.uTestStepDefinitions.heClicksOnTheJoinTodayButton(uTestStepDefinitions.java:29)
	at ✽.He clicks on the Join Today button(src/test/resources/features/uTest.feature:9)
</pre>
</span>
</div>
</div>
<div id="tab1" class="tab">
<h2>Tests</h2>
<table>
<thead>
<tr>
<th>Test</th>
<th>Duration</th>
<th>Result</th>
</tr>
</thead>
<tr>
<td class="failures">Enter the registry by clicking on Join Today</td>
<td class="failures">31.142s</td>
<td class="failures">failed</td>
</tr>
</table>
</div>
<div id="tab2" class="tab">
<h2>Standard error</h2>
<span class="code">
<pre>[Test worker] WARN net.thucydides.core.steps.BaseStepListener - stepStarted: net.thucydides.core.steps.ExecutedStepDescription@31a757b3
[Test worker] WARN net.thucydides.core.steps.BaseStepListener - stepStarted: net.thucydides.core.steps.ExecutedStepDescription@3df921c
[Test worker] WARN net.thucydides.core.steps.BaseStepListener - stepStarted: net.thucydides.core.steps.ExecutedStepDescription@4353e8e1
nov 03, 2021 10:42:08 AM org.openqa.selenium.remote.DesiredCapabilities chrome
INFORMACIÓN: Using `new ChromeOptions()` is preferred to `DesiredCapabilities.chrome()`
[Test worker] INFO net.serenitybdd.core.webdriver.driverproviders.ProvideNewDriver - Instantiating driver
[Test worker] INFO net.serenitybdd.core.webdriver.driverproviders.ProvideNewDriver - Driver capabilities: Capabilities {acceptInsecureCerts: false, browserName: chrome, chrome.switches: --start-maximized, goog:chromeOptions: {args: [--start-maximized], extensions: []}, loggingPrefs: org.openqa.selenium.logging..., platform: ANY, version: }
Starting ChromeDriver 94.0.4606.41 (333e85df3c9b656b518b5f1add5ff246365b6c24-refs/branch-heads/4606@{#845}) on port 27334
Only local connections are allowed.
Please see https://chromedriver.chromium.org/security-considerations for suggestions on keeping ChromeDriver safe.
ChromeDriver was started successfully.
[1635954131.281][WARNING]: This version of ChromeDriver has not been tested with Chrome version 95.
nov 03, 2021 10:42:11 AM org.openqa.selenium.remote.ProtocolHandshake createSession
INFORMACIÓN: Detected dialect: W3C
[Test worker] WARN net.thucydides.core.steps.BaseStepListener - stepFinished: current outcome:Enter the registry by clicking on Join Today:Given than Rodrigo wants to register in uTest [Rodrigo open up [Rodrigo opens the U test page]]
[Test worker] WARN net.thucydides.core.steps.BaseStepListener - stepFinished: current outcome:Enter the registry by clicking on Join Today:Given than Rodrigo wants to register in uTest [Rodrigo open up [Rodrigo opens the U test page]]
[Test worker] WARN net.thucydides.core.steps.BaseStepListener - stepStarted: net.thucydides.core.steps.ExecutedStepDescription@37b3c86c
[Test worker] WARN net.thucydides.core.steps.BaseStepListener - stepStarted: net.thucydides.core.steps.ExecutedStepDescription@4522452a
[Test worker] WARN net.thucydides.core.steps.BaseStepListener - stepFinished: current outcome:Enter the registry by clicking on Join Today:Given than Rodrigo wants to register in uTest [Rodrigo open up [Rodrigo opens the U test page], Rodrigo login [Rodrigo clicks on button that shows us the form to register a new user ]]
[Test worker] WARN net.thucydides.core.steps.BaseStepListener - stepFinished: current outcome:Enter the registry by clicking on Join Today:Given than Rodrigo wants to register in uTest [Rodrigo open up [Rodrigo opens the U test page], Rodrigo login [Rodrigo clicks on button that shows us the form to register a new user ]]
[Test worker] WARN net.thucydides.core.steps.BaseStepListener - stepFinished: current outcome:Enter the registry by clicking on Join Today:Given than Rodrigo wants to register in uTest [Rodrigo open up [Rodrigo opens the U test page], Rodrigo login [Rodrigo clicks on button that shows us the form to register a new user ]]
[Test worker] WARN net.thucydides.core.steps.BaseStepListener - stepStarted: net.thucydides.core.steps.ExecutedStepDescription@cd63473
[Test worker] WARN net.thucydides.core.steps.BaseStepListener - stepStarted: net.thucydides.core.steps.ExecutedStepDescription@1cdb64f6
[Test worker] WARN net.thucydides.core.steps.BaseStepListener - stepStarted: net.thucydides.core.steps.ExecutedStepDescription@72c6265b
[Test worker] WARN net.thucydides.core.steps.BaseStepListener - stepFinished: current outcome:Enter the registry by clicking on Join Today:Given than Rodrigo wants to register in uTest [Rodrigo open up [Rodrigo opens the U test page], Rodrigo login [Rodrigo clicks on button that shows us the form to register a new user ]], When He clicks on the Join Today button [Rodrigo register user [Rodrigo enters 'Rodrigo' into where the user will enter their name]]
[Test worker] WARN net.thucydides.core.steps.BaseStepListener - stepStarted: net.thucydides.core.steps.ExecutedStepDescription@3a2ef990
[Test worker] WARN net.thucydides.core.steps.BaseStepListener - stepFinished: current outcome:Enter the registry by clicking on Join Today:Given than Rodrigo wants to register in uTest [Rodrigo open up [Rodrigo opens the U test page], Rodrigo login [Rodrigo clicks on button that shows us the form to register a new user ]], When He clicks on the Join Today button [Rodrigo register user [Rodrigo enters 'Rodrigo' into where the user will enter their name, Rodrigo enters 'Acosta Restrepo' into where the user will enter their last name]]
[Test worker] WARN net.thucydides.core.steps.BaseStepListener - stepStarted: net.thucydides.core.steps.ExecutedStepDescription@1de35042
[Test worker] WARN net.thucydides.core.steps.BaseStepListener - stepFinished: current outcome:Enter the registry by clicking on Join Today:Given than Rodrigo wants to register in uTest [Rodrigo open up [Rodrigo opens the U test page], Rodrigo login [Rodrigo clicks on button that shows us the form to register a new user ]], When He clicks on the Join Today button [Rodrigo register user [Rodrigo enters 'Rodrigo' into where the user will enter their name, Rodrigo enters 'Acosta Restrepo' into where the user will enter their last name, Rodrigo enters 'prueba@utest.com' into where the user will enter their email address]]
[Test worker] WARN net.thucydides.core.steps.BaseStepListener - stepStarted: net.thucydides.core.steps.ExecutedStepDescription@799b1180
[Test worker] WARN net.thucydides.core.steps.BaseStepListener - stepFinished: current outcome:Enter the registry by clicking on Join Today:Given than Rodrigo wants to register in uTest [Rodrigo open up [Rodrigo opens the U test page], Rodrigo login [Rodrigo clicks on button that shows us the form to register a new user ]], When He clicks on the Join Today button [Rodrigo register user [Rodrigo enters 'Rodrigo' into where the user will enter their name, Rodrigo enters 'Acosta Restrepo' into where the user will enter their last name, Rodrigo enters 'prueba@utest.com' into where the user will enter their email address, Rodrigo select January on where the user selects their month of birth]]
[Test worker] WARN net.thucydides.core.steps.BaseStepListener - stepStarted: net.thucydides.core.steps.ExecutedStepDescription@786f42cd
[Test worker] WARN net.thucydides.core.steps.BaseStepListener - stepFinished: current outcome:Enter the registry by clicking on Join Today:Given than Rodrigo wants to register in uTest [Rodrigo open up [Rodrigo opens the U test page], Rodrigo login [Rodrigo clicks on button that shows us the form to register a new user ]], When He clicks on the Join Today button [Rodrigo register user [Rodrigo enters 'Rodrigo' into where the user will enter their name, Rodrigo enters 'Acosta Restrepo' into where the user will enter their last name, Rodrigo enters 'prueba@utest.com' into where the user will enter their email address, Rodrigo select January on where the user selects their month of birth, Rodrigo select 11 on where the user selects their day of birth]]
[Test worker] WARN net.thucydides.core.steps.BaseStepListener - stepStarted: net.thucydides.core.steps.ExecutedStepDescription@4e5228e3
[Test worker] WARN net.thucydides.core.steps.BaseStepListener - stepFinished: current outcome:Enter the registry by clicking on Join Today:Given than Rodrigo wants to register in uTest [Rodrigo open up [Rodrigo opens the U test page], Rodrigo login [Rodrigo clicks on button that shows us the form to register a new user ]], When He clicks on the Join Today button [Rodrigo register user [Rodrigo enters 'Rodrigo' into where the user will enter their name, Rodrigo enters 'Acosta Restrepo' into where the user will enter their last name, Rodrigo enters 'prueba@utest.com' into where the user will enter their email address, Rodrigo select January on where the user selects their month of birth, Rodrigo select 11 on where the user selects their day of birth, Rodrigo select 1991 on where the user selects their year of birth]]
[Test worker] WARN net.thucydides.core.steps.BaseStepListener - stepStarted: net.thucydides.core.steps.ExecutedStepDescription@2e39f18c
[Test worker] WARN net.thucydides.core.steps.BaseStepListener - stepFinished: current outcome:Enter the registry by clicking on Join Today:Given than Rodrigo wants to register in uTest [Rodrigo open up [Rodrigo opens the U test page], Rodrigo login [Rodrigo clicks on button that shows us the form to register a new user ]], When He clicks on the Join Today button [Rodrigo register user [Rodrigo enters 'Rodrigo' into where the user will enter their name, Rodrigo enters 'Acosta Restrepo' into where the user will enter their last name, Rodrigo enters 'prueba@utest.com' into where the user will enter their email address, Rodrigo select January on where the user selects their month of birth, Rodrigo select 11 on where the user selects their day of birth, Rodrigo select 1991 on where the user selects their year of birth, Rodrigo clicks on where the user enters the languages he speaks]]
[Test worker] WARN net.thucydides.core.steps.BaseStepListener - stepStarted: net.thucydides.core.steps.ExecutedStepDescription@51c165a1
[Test worker] WARN net.thucydides.core.steps.BaseStepListener - stepFinished: current outcome:Enter the registry by clicking on Join Today:Given than Rodrigo wants to register in uTest [Rodrigo open up [Rodrigo opens the U test page], Rodrigo login [Rodrigo clicks on button that shows us the form to register a new user ]], When He clicks on the Join Today button [Rodrigo register user [Rodrigo enters 'Rodrigo' into where the user will enter their name, Rodrigo enters 'Acosta Restrepo' into where the user will enter their last name, Rodrigo enters 'prueba@utest.com' into where the user will enter their email address, Rodrigo select January on where the user selects their month of birth, Rodrigo select 11 on where the user selects their day of birth, Rodrigo select 1991 on where the user selects their year of birth, Rodrigo clicks on where the user enters the languages he speaks, Rodrigo clicks on Where the user will advance to the next form]]
[Test worker] WARN net.thucydides.core.steps.BaseStepListener - stepStarted: net.thucydides.core.steps.ExecutedStepDescription@3950226
[Test worker] WARN net.thucydides.core.steps.BaseStepListener - stepFinished: current outcome:Enter the registry by clicking on Join Today:Given than Rodrigo wants to register in uTest [Rodrigo open up [Rodrigo opens the U test page], Rodrigo login [Rodrigo clicks on button that shows us the form to register a new user ]], When He clicks on the Join Today button [Rodrigo register user [Rodrigo enters 'Rodrigo' into where the user will enter their name, Rodrigo enters 'Acosta Restrepo' into where the user will enter their last name, Rodrigo enters 'prueba@utest.com' into where the user will enter their email address, Rodrigo select January on where the user selects their month of birth, Rodrigo select 11 on where the user selects their day of birth, Rodrigo select 1991 on where the user selects their year of birth, Rodrigo clicks on where the user enters the languages he speaks, Rodrigo clicks on Where the user will advance to the next form, Rodrigo enters 'Armenia' into Where the user enters the city]]
[Test worker] WARN net.thucydides.core.steps.BaseStepListener - stepStarted: net.thucydides.core.steps.ExecutedStepDescription@16b31a84
[Test worker] WARN net.thucydides.core.steps.BaseStepListener - stepFinished: current outcome:Enter the registry by clicking on Join Today:Given than Rodrigo wants to register in uTest [Rodrigo open up [Rodrigo opens the U test page], Rodrigo login [Rodrigo clicks on button that shows us the form to register a new user ]], When He clicks on the Join Today button [Rodrigo register user [Rodrigo enters 'Rodrigo' into where the user will enter their name, Rodrigo enters 'Acosta Restrepo' into where the user will enter their last name, Rodrigo enters 'prueba@utest.com' into where the user will enter their email address, Rodrigo select January on where the user selects their month of birth, Rodrigo select 11 on where the user selects their day of birth, Rodrigo select 1991 on where the user selects their year of birth, Rodrigo clicks on where the user enters the languages he speaks, Rodrigo clicks on Where the user will advance to the next form, Rodrigo enters 'Armenia' into Where the user enters the city, Rodrigo types 'ARROW_DOWN' in Where the user enters the city]]
[Test worker] WARN net.thucydides.core.steps.BaseStepListener - stepStarted: net.thucydides.core.steps.ExecutedStepDescription@5a6f9cff
[Test worker] WARN net.thucydides.core.steps.BaseStepListener - stepFinished: current outcome:Enter the registry by clicking on Join Today:Given than Rodrigo wants to register in uTest [Rodrigo open up [Rodrigo opens the U test page], Rodrigo login [Rodrigo clicks on button that shows us the form to register a new user ]], When He clicks on the Join Today button [Rodrigo register user [Rodrigo enters 'Rodrigo' into where the user will enter their name, Rodrigo enters 'Acosta Restrepo' into where the user will enter their last name, Rodrigo enters 'prueba@utest.com' into where the user will enter their email address, Rodrigo select January on where the user selects their month of birth, Rodrigo select 11 on where the user selects their day of birth, Rodrigo select 1991 on where the user selects their year of birth, Rodrigo clicks on where the user enters the languages he speaks, Rodrigo clicks on Where the user will advance to the next form, Rodrigo enters 'Armenia' into Where the user enters the city, Rodrigo types 'ARROW_DOWN' in Where the user enters the city, Rodrigo types 'ENTER' in Where the user enters the city]]
[Test worker] WARN net.thucydides.core.steps.BaseStepListener - stepStarted: net.thucydides.core.steps.ExecutedStepDescription@6f9d766c
[Test worker] WARN net.thucydides.core.steps.BaseStepListener - stepFinished: current outcome:Enter the registry by clicking on Join Today:Given than Rodrigo wants to register in uTest [Rodrigo open up [Rodrigo opens the U test page], Rodrigo login [Rodrigo clicks on button that shows us the form to register a new user ]], When He clicks on the Join Today button [Rodrigo register user [Rodrigo enters 'Rodrigo' into where the user will enter their name, Rodrigo enters 'Acosta Restrepo' into where the user will enter their last name, Rodrigo enters 'prueba@utest.com' into where the user will enter their email address, Rodrigo select January on where the user selects their month of birth, Rodrigo select 11 on where the user selects their day of birth, Rodrigo select 1991 on where the user selects their year of birth, Rodrigo clicks on where the user enters the languages he speaks, Rodrigo clicks on Where the user will advance to the next form, Rodrigo enters 'Armenia' into Where the user enters the city, Rodrigo types 'ARROW_DOWN' in Where the user enters the city, Rodrigo types 'ENTER' in Where the user enters the city, Rodrigo enters '630001' into Where the user enters the postal code]]
[Test worker] WARN net.thucydides.core.steps.BaseStepListener - stepStarted: net.thucydides.core.steps.ExecutedStepDescription@424e1a7d
[Test worker] WARN net.thucydides.core.steps.BaseStepListener - stepStarted: net.thucydides.core.steps.ExecutedStepDescription@1efc55c8
[Test worker] WARN net.thucydides.core.steps.BaseStepListener - testFinished: Enter the registry by clicking on Join Today:Given than Rodrigo wants to register in uTest [Rodrigo open up [Rodrigo opens the U test page], Rodrigo login [Rodrigo clicks on button that shows us the form to register a new user ]], When He clicks on the Join Today button [Rodrigo register user [Rodrigo enters 'Rodrigo' into where the user will enter their name, Rodrigo enters 'Acosta Restrepo' into where the user will enter their last name, Rodrigo enters 'prueba@utest.com' into where the user will enter their email address, Rodrigo select January on where the user selects their month of birth, Rodrigo select 11 on where the user selects their day of birth, Rodrigo select 1991 on where the user selects their year of birth, Rodrigo clicks on where the user enters the languages he speaks, Rodrigo clicks on Where the user will advance to the next form, Rodrigo enters 'Armenia' into Where the user enters the city, Rodrigo types 'ARROW_DOWN' in Where the user enters the city, Rodrigo types 'ENTER' in Where the user enters the city, Rodrigo enters '630001' into Where the user enters the postal code, Rodrigo select Colombia on Where the user selects the country ]], Then he opens the registration form
[Test worker] WARN net.thucydides.core.steps.BaseStepListener - TestOutcomes: [Enter the registry by clicking on Join Today:Given than Rodrigo wants to register in uTest [Rodrigo open up [Rodrigo opens the U test page], Rodrigo login [Rodrigo clicks on button that shows us the form to register a new user ]], When He clicks on the Join Today button [Rodrigo register user [Rodrigo enters 'Rodrigo' into where the user will enter their name, Rodrigo enters 'Acosta Restrepo' into where the user will enter their last name, Rodrigo enters 'prueba@utest.com' into where the user will enter their email address, Rodrigo select January on where the user selects their month of birth, Rodrigo select 11 on where the user selects their day of birth, Rodrigo select 1991 on where the user selects their year of birth, Rodrigo clicks on where the user enters the languages he speaks, Rodrigo clicks on Where the user will advance to the next form, Rodrigo enters 'Armenia' into Where the user enters the city, Rodrigo types 'ARROW_DOWN' in Where the user enters the city, Rodrigo types 'ENTER' in Where the user enters the city, Rodrigo enters '630001' into Where the user enters the postal code, Rodrigo select Colombia on Where the user selects the country ]], Then he opens the registration form]
[Test worker] WARN net.thucydides.core.steps.BaseStepListener - Final testOutcomes: [Enter the registry by clicking on Join Today:Given than Rodrigo wants to register in uTest [Rodrigo open up [Rodrigo opens the U test page], Rodrigo login [Rodrigo clicks on button that shows us the form to register a new user ]], When He clicks on the Join Today button [Rodrigo register user [Rodrigo enters 'Rodrigo' into where the user will enter their name, Rodrigo enters 'Acosta Restrepo' into where the user will enter their last name, Rodrigo enters 'prueba@utest.com' into where the user will enter their email address, Rodrigo select January on where the user selects their month of birth, Rodrigo select 11 on where the user selects their day of birth, Rodrigo select 1991 on where the user selects their year of birth, Rodrigo clicks on where the user enters the languages he speaks, Rodrigo clicks on Where the user will advance to the next form, Rodrigo enters 'Armenia' into Where the user enters the city, Rodrigo types 'ARROW_DOWN' in Where the user enters the city, Rodrigo types 'ENTER' in Where the user enters the city, Rodrigo enters '630001' into Where the user enters the postal code, Rodrigo select Colombia on Where the user selects the country ]], Then he opens the registration form]
[Test worker] ERROR net.thucydides.core.steps.ConsoleLoggingListener - 
           __  _____ _____ ____ _____   _____ _    ___ _     _____ ____  
  _       / / |_   _| ____/ ___|_   _| |  ___/ \  |_ _| |   | ____|  _ \ 
 (_)_____| |    | | |  _| \___ \ | |   | |_ / _ \  | || |   |  _| | | | |
  _|_____| |    | | | |___ ___) || |   |  _/ ___ \ | || |___| |___| |_| |
 (_)     | |    |_| |_____|____/ |_|   |_|/_/   \_\___|_____|_____|____/ 
          \_\                                                            

TEST FAILED WITH ERROR: Enter the registry by clicking on Join Today
---------------------------------------------------------------------
[Test worker] ERROR net.thucydides.core.steps.ConsoleLoggingListener - TEST FAILED AT STEP Rodrigo select Colombia on Where the user selects the country
[Test worker] ERROR net.thucydides.core.steps.ConsoleLoggingListener - Element should have been &quot;select&quot; but was &quot;div&quot;
</pre>
</span>
</div>
</div>
<div id="footer">
<p>
<div>
<label class="hidden" id="label-for-line-wrapping-toggle" for="line-wrapping-toggle">Wrap lines
<input id="line-wrapping-toggle" type="checkbox" autocomplete="off"/>
</label>
</div>Generated by 
<a href="http://www.gradle.org">Gradle 7.1</a> at 3/11/2021 10:42:40 AM</p>
</div>
</div>
</body>
</html>
