{"name":"Enter the registry by clicking on Join Today","id":"utest-register;enter-the-registry-by-clicking-on-join-today","testSteps":[{"number":1,"description":"Given than Rodrigo wants to register in uTest","duration":15927,"startTime":"2021-10-30T04:16:14.052-05:00[America/Bogota]","screenshots":[{"screenshot":"0c57f5c6dfb32a3d7ea4f22d9134e240e4f8c09b2308aa4a85006c44855979b8.png","timeStamp":1635585389971}],"result":"SUCCESS","precondition":false,"level":0,"lineNumber":0,"children":[{"number":2,"description":"Rodrigo open up","duration":14026,"startTime":"2021-10-30T04:16:14.852-05:00[America/Bogota]","screenshots":[{"screenshot":"a8166c5582c2f8ba691ca13fb2c66580e157a81c9564e57fef061e2bc71e6991.png","timeStamp":1635585388878}],"result":"SUCCESS","precondition":false,"level":1,"lineNumber":0,"children":[{"number":3,"description":"Rodrigo opens the U test page","duration":13950,"startTime":"2021-10-30T04:16:14.893-05:00[America/Bogota]","screenshots":[{"screenshot":"a8166c5582c2f8ba691ca13fb2c66580e157a81c9564e57fef061e2bc71e6991.png","timeStamp":1635585388843}],"result":"SUCCESS","precondition":false,"level":2,"lineNumber":0}]},{"number":4,"description":"Rodrigo login","duration":1067,"startTime":"2021-10-30T04:16:28.886-05:00[America/Bogota]","screenshots":[{"screenshot":"0c57f5c6dfb32a3d7ea4f22d9134e240e4f8c09b2308aa4a85006c44855979b8.png","timeStamp":1635585389953}],"result":"SUCCESS","precondition":false,"level":1,"lineNumber":0,"children":[{"number":5,"description":"Rodrigo clicks on button that shows us the form to register a new user ","duration":1029,"startTime":"2021-10-30T04:16:28.902-05:00[America/Bogota]","screenshots":[{"screenshot":"0c57f5c6dfb32a3d7ea4f22d9134e240e4f8c09b2308aa4a85006c44855979b8.png","timeStamp":1635585389931}],"result":"SUCCESS","precondition":false,"level":2,"lineNumber":0}]}]},{"number":6,"description":"When He clicks on the Join Today button","duration":18434,"startTime":"2021-10-30T04:16:29.979-05:00[America/Bogota]","exception":{"errorType":"net.thucydides.core.webdriver.exceptions.ElementShouldBeEnabledException","message":"Expected enabled element was not enabled","stackTrace":[{"declaringClass":"co.com.choucair.certification.pruebatecnica.tasks.RegisterUser","methodName":"performAs","fileName":"RegisterUser.java","lineNumber":28},{"declaringClass":"co.com.choucair.certification.pruebatecnica.stepdefinitions.uTestStepDefinitions","methodName":"heClicksOnTheJoinTodayButton","fileName":"uTestStepDefinitions.java","lineNumber":29},{"declaringClass":"cucumber.runner.Runner","methodName":"runPickle","fileName":"Runner.java","lineNumber":80}],"rootCause":{"errorType":"org.openqa.selenium.TimeoutException","message":"Expected condition failed: waiting for By.className: form-group address col-xs-12 col-sm-12 col-md-12 col-lg-12 to be enabled (tried for 5 second(s) with 100 milliseconds interval)","stackTrace":[{"declaringClass":"co.com.choucair.certification.pruebatecnica.tasks.RegisterUser","methodName":"performAs","fileName":"RegisterUser.java","lineNumber":28},{"declaringClass":"co.com.choucair.certification.pruebatecnica.stepdefinitions.uTestStepDefinitions","methodName":"heClicksOnTheJoinTodayButton","fileName":"uTestStepDefinitions.java","lineNumber":29},{"declaringClass":"cucumber.runner.Runner","methodName":"runPickle","fileName":"Runner.java","lineNumber":80}],"rootCause":{"errorType":"org.openqa.selenium.NoSuchElementException","message":"no such element: Unable to locate element: {\"method\":\"css selector\",\"selector\":\".form\\-group\\ address\\ col\\-xs\\-12\\ col\\-sm\\-12\\ col\\-md\\-12\\ col\\-lg\\-12\"}\n  (Session info: chrome\u003d95.0.4638.69)\nFor documentation on this error, please visit: https://www.seleniumhq.org/exceptions/no_such_element.html\nBuild info: version: \u00273.141.59\u0027, revision: \u0027e82be7d358\u0027, time: \u00272018-11-14T08:17:03\u0027\nSystem info: host: \u0027LAPTOP-NKQOBQF1\u0027, ip: \u0027192.168.56.1\u0027, os.name: \u0027Windows 10\u0027, os.arch: \u0027amd64\u0027, os.version: \u002710.0\u0027, java.version: \u00271.8.0_301\u0027\nDriver info: org.openqa.selenium.chrome.ChromeDriver\nCapabilities {acceptInsecureCerts: false, browserName: chrome, browserVersion: 95.0.4638.69, chrome: {chromedriverVersion: 94.0.4606.41 (333e85df3c9b6..., userDataDir: C:\\Users\\roaco\\AppData\\Loca...}, goog:chromeOptions: {debuggerAddress: localhost:63939}, javascriptEnabled: true, networkConnectionEnabled: false, pageLoadStrategy: normal, platform: WINDOWS, platformName: WINDOWS, proxy: Proxy(), setWindowRect: true, strictFileInteractability: false, timeouts: {implicit: 0, pageLoad: 300000, script: 30000}, unhandledPromptBehavior: dismiss and notify, webauthn:extension:credBlob: true, webauthn:extension:largeBlob: true, webauthn:virtualAuthenticators: true}\nSession ID: 7845a7f8a1ccd0216a10efa02a29922e\n*** Element info: {Using\u003dclass name, value\u003dform-group address col-xs-12 col-sm-12 col-md-12 col-lg-12}","stackTrace":[{"declaringClass":"co.com.choucair.certification.pruebatecnica.tasks.RegisterUser","methodName":"performAs","fileName":"RegisterUser.java","lineNumber":28},{"declaringClass":"co.com.choucair.certification.pruebatecnica.stepdefinitions.uTestStepDefinitions","methodName":"heClicksOnTheJoinTodayButton","fileName":"uTestStepDefinitions.java","lineNumber":29},{"declaringClass":"cucumber.runner.Runner","methodName":"runPickle","fileName":"Runner.java","lineNumber":80}]}}},"result":"FAILURE","precondition":false,"level":0,"lineNumber":0,"children":[{"number":7,"description":"Rodrigo register user","duration":18416,"startTime":"2021-10-30T04:16:29.987-05:00[America/Bogota]","exception":{"errorType":"net.thucydides.core.webdriver.exceptions.ElementShouldBeEnabledException","message":"Expected enabled element was not enabled","stackTrace":[{"declaringClass":"co.com.choucair.certification.pruebatecnica.tasks.RegisterUser","methodName":"performAs","fileName":"RegisterUser.java","lineNumber":28},{"declaringClass":"co.com.choucair.certification.pruebatecnica.stepdefinitions.uTestStepDefinitions","methodName":"heClicksOnTheJoinTodayButton","fileName":"uTestStepDefinitions.java","lineNumber":29},{"declaringClass":"cucumber.runner.Runner","methodName":"runPickle","fileName":"Runner.java","lineNumber":80}],"rootCause":{"errorType":"org.openqa.selenium.TimeoutException","message":"Expected condition failed: waiting for By.className: form-group address col-xs-12 col-sm-12 col-md-12 col-lg-12 to be enabled (tried for 5 second(s) with 100 milliseconds interval)","stackTrace":[{"declaringClass":"co.com.choucair.certification.pruebatecnica.tasks.RegisterUser","methodName":"performAs","fileName":"RegisterUser.java","lineNumber":28},{"declaringClass":"co.com.choucair.certification.pruebatecnica.stepdefinitions.uTestStepDefinitions","methodName":"heClicksOnTheJoinTodayButton","fileName":"uTestStepDefinitions.java","lineNumber":29},{"declaringClass":"cucumber.runner.Runner","methodName":"runPickle","fileName":"Runner.java","lineNumber":80}],"rootCause":{"errorType":"org.openqa.selenium.NoSuchElementException","message":"no such element: Unable to locate element: {\"method\":\"css selector\",\"selector\":\".form\\-group\\ address\\ col\\-xs\\-12\\ col\\-sm\\-12\\ col\\-md\\-12\\ col\\-lg\\-12\"}\n  (Session info: chrome\u003d95.0.4638.69)\nFor documentation on this error, please visit: https://www.seleniumhq.org/exceptions/no_such_element.html\nBuild info: version: \u00273.141.59\u0027, revision: \u0027e82be7d358\u0027, time: \u00272018-11-14T08:17:03\u0027\nSystem info: host: \u0027LAPTOP-NKQOBQF1\u0027, ip: \u0027192.168.56.1\u0027, os.name: \u0027Windows 10\u0027, os.arch: \u0027amd64\u0027, os.version: \u002710.0\u0027, java.version: \u00271.8.0_301\u0027\nDriver info: org.openqa.selenium.chrome.ChromeDriver\nCapabilities {acceptInsecureCerts: false, browserName: chrome, browserVersion: 95.0.4638.69, chrome: {chromedriverVersion: 94.0.4606.41 (333e85df3c9b6..., userDataDir: C:\\Users\\roaco\\AppData\\Loca...}, goog:chromeOptions: {debuggerAddress: localhost:63939}, javascriptEnabled: true, networkConnectionEnabled: false, pageLoadStrategy: normal, platform: WINDOWS, platformName: WINDOWS, proxy: Proxy(), setWindowRect: true, strictFileInteractability: false, timeouts: {implicit: 0, pageLoad: 300000, script: 30000}, unhandledPromptBehavior: dismiss and notify, webauthn:extension:credBlob: true, webauthn:extension:largeBlob: true, webauthn:virtualAuthenticators: true}\nSession ID: 7845a7f8a1ccd0216a10efa02a29922e\n*** Element info: {Using\u003dclass name, value\u003dform-group address col-xs-12 col-sm-12 col-md-12 col-lg-12}","stackTrace":[{"declaringClass":"co.com.choucair.certification.pruebatecnica.tasks.RegisterUser","methodName":"performAs","fileName":"RegisterUser.java","lineNumber":28},{"declaringClass":"co.com.choucair.certification.pruebatecnica.stepdefinitions.uTestStepDefinitions","methodName":"heClicksOnTheJoinTodayButton","fileName":"uTestStepDefinitions.java","lineNumber":29},{"declaringClass":"cucumber.runner.Runner","methodName":"runPickle","fileName":"Runner.java","lineNumber":80}]}}},"result":"FAILURE","precondition":false,"level":1,"lineNumber":0,"children":[{"number":8,"description":"Rodrigo enters \u0027Rodrigo\u0027 into where the user will enter their name","duration":995,"startTime":"2021-10-30T04:16:30.195-05:00[America/Bogota]","screenshots":[{"screenshot":"4a985164b0a216cc791b1fba498a71db242f33911ec3f5ee8e7265d31209577a.png","timeStamp":1635585391190}],"result":"SUCCESS","precondition":false,"level":2,"lineNumber":0},{"number":9,"description":"Rodrigo enters \u0027Acosta Restrepo\u0027 into where the user will enter their last name","duration":904,"startTime":"2021-10-30T04:16:31.190-05:00[America/Bogota]","screenshots":[{"screenshot":"c3e3217626ce5b99e23b5abd8d8711d954a488988a298014426261f7a2fcae65.png","timeStamp":1635585392094}],"result":"SUCCESS","precondition":false,"level":2,"lineNumber":0},{"number":10,"description":"Rodrigo enters \u0027prueba@utest.com\u0027 into where the user will enter their email address","duration":916,"startTime":"2021-10-30T04:16:32.104-05:00[America/Bogota]","screenshots":[{"screenshot":"0fb3ec83e382d6d35d1e896066c891cdc79363237f1885bd2ebc2b7fb890a6b4.png","timeStamp":1635585393020}],"result":"SUCCESS","precondition":false,"level":2,"lineNumber":0},{"number":11,"description":"Rodrigo select January on where the user selects their month of birth","duration":792,"startTime":"2021-10-30T04:16:33.021-05:00[America/Bogota]","screenshots":[{"screenshot":"81bc363bfd87eeacf441c732dca6dfa2a3dfef3c32a0e4329cbea09606444578.png","timeStamp":1635585393813}],"result":"SUCCESS","precondition":false,"level":2,"lineNumber":0},{"number":12,"description":"Rodrigo select 11 on where the user selects their day of birth","duration":767,"startTime":"2021-10-30T04:16:33.815-05:00[America/Bogota]","screenshots":[{"screenshot":"a3def2353a3e0f0475db415833aacf45bd414b81042df672f695bdd6a0b176e6.png","timeStamp":1635585394582}],"result":"SUCCESS","precondition":false,"level":2,"lineNumber":0},{"number":13,"description":"Rodrigo select 1991 on where the user selects their year of birth","duration":731,"startTime":"2021-10-30T04:16:34.582-05:00[America/Bogota]","screenshots":[{"screenshot":"b5742be66702f3e4ccb1241b084d807eb0d40761307fa3c11746adb420a44091.png","timeStamp":1635585395313}],"result":"SUCCESS","precondition":false,"level":2,"lineNumber":0},{"number":14,"description":"Rodrigo clicks on where the user enters the languages he speaks","duration":764,"startTime":"2021-10-30T04:16:35.328-05:00[America/Bogota]","screenshots":[{"screenshot":"c765f41db1178adddfe11269396d46a8935b574f9814d16799877fd5d3c0f0f2.png","timeStamp":1635585396092}],"result":"SUCCESS","precondition":false,"level":2,"lineNumber":0},{"number":15,"description":"Rodrigo clicks on Where the user will advance to the next form","duration":1259,"startTime":"2021-10-30T04:16:36.092-05:00[America/Bogota]","screenshots":[{"screenshot":"8cdc8ed9df981fb607a4ad70f35b8ba3512d3fa25addc0905ea894f33885d0bc.png","timeStamp":1635585397351}],"result":"SUCCESS","precondition":false,"level":2,"lineNumber":0},{"number":16,"description":"Rodrigo enters \u0027Armenia\u0027 into Where the user enters the city","duration":11031,"startTime":"2021-10-30T04:16:37.351-05:00[America/Bogota]","screenshots":[{"screenshot":"5f27f161fe6d0092d9f0b476a7e0daa5faa28307f6df3863962d0b51749ff6c7.png","htmlSource":"pagesource5718389961469726087.html.txt","timeStamp":1635585408382}],"exception":{"errorType":"net.thucydides.core.webdriver.exceptions.ElementShouldBeEnabledException","message":"Expected enabled element was not enabled","stackTrace":[{"declaringClass":"co.com.choucair.certification.pruebatecnica.tasks.RegisterUser","methodName":"performAs","fileName":"RegisterUser.java","lineNumber":28},{"declaringClass":"co.com.choucair.certification.pruebatecnica.stepdefinitions.uTestStepDefinitions","methodName":"heClicksOnTheJoinTodayButton","fileName":"uTestStepDefinitions.java","lineNumber":29},{"declaringClass":"cucumber.runner.Runner","methodName":"runPickle","fileName":"Runner.java","lineNumber":80}],"rootCause":{"errorType":"org.openqa.selenium.TimeoutException","message":"Expected condition failed: waiting for By.className: form-group address col-xs-12 col-sm-12 col-md-12 col-lg-12 to be enabled (tried for 5 second(s) with 100 milliseconds interval)","stackTrace":[{"declaringClass":"co.com.choucair.certification.pruebatecnica.tasks.RegisterUser","methodName":"performAs","fileName":"RegisterUser.java","lineNumber":28},{"declaringClass":"co.com.choucair.certification.pruebatecnica.stepdefinitions.uTestStepDefinitions","methodName":"heClicksOnTheJoinTodayButton","fileName":"uTestStepDefinitions.java","lineNumber":29},{"declaringClass":"cucumber.runner.Runner","methodName":"runPickle","fileName":"Runner.java","lineNumber":80}],"rootCause":{"errorType":"org.openqa.selenium.NoSuchElementException","message":"no such element: Unable to locate element: {\"method\":\"css selector\",\"selector\":\".form\\-group\\ address\\ col\\-xs\\-12\\ col\\-sm\\-12\\ col\\-md\\-12\\ col\\-lg\\-12\"}\n  (Session info: chrome\u003d95.0.4638.69)\nFor documentation on this error, please visit: https://www.seleniumhq.org/exceptions/no_such_element.html\nBuild info: version: \u00273.141.59\u0027, revision: \u0027e82be7d358\u0027, time: \u00272018-11-14T08:17:03\u0027\nSystem info: host: \u0027LAPTOP-NKQOBQF1\u0027, ip: \u0027192.168.56.1\u0027, os.name: \u0027Windows 10\u0027, os.arch: \u0027amd64\u0027, os.version: \u002710.0\u0027, java.version: \u00271.8.0_301\u0027\nDriver info: org.openqa.selenium.chrome.ChromeDriver\nCapabilities {acceptInsecureCerts: false, browserName: chrome, browserVersion: 95.0.4638.69, chrome: {chromedriverVersion: 94.0.4606.41 (333e85df3c9b6..., userDataDir: C:\\Users\\roaco\\AppData\\Loca...}, goog:chromeOptions: {debuggerAddress: localhost:63939}, javascriptEnabled: true, networkConnectionEnabled: false, pageLoadStrategy: normal, platform: WINDOWS, platformName: WINDOWS, proxy: Proxy(), setWindowRect: true, strictFileInteractability: false, timeouts: {implicit: 0, pageLoad: 300000, script: 30000}, unhandledPromptBehavior: dismiss and notify, webauthn:extension:credBlob: true, webauthn:extension:largeBlob: true, webauthn:virtualAuthenticators: true}\nSession ID: 7845a7f8a1ccd0216a10efa02a29922e\n*** Element info: {Using\u003dclass name, value\u003dform-group address col-xs-12 col-sm-12 col-md-12 col-lg-12}","stackTrace":[{"declaringClass":"co.com.choucair.certification.pruebatecnica.tasks.RegisterUser","methodName":"performAs","fileName":"RegisterUser.java","lineNumber":28},{"declaringClass":"co.com.choucair.certification.pruebatecnica.stepdefinitions.uTestStepDefinitions","methodName":"heClicksOnTheJoinTodayButton","fileName":"uTestStepDefinitions.java","lineNumber":29},{"declaringClass":"cucumber.runner.Runner","methodName":"runPickle","fileName":"Runner.java","lineNumber":80}]}}},"result":"FAILURE","precondition":false,"level":2,"lineNumber":0}]}]},{"number":17,"description":"Then he opens the registration form","duration":16,"startTime":"2021-10-30T04:16:48.444-05:00[America/Bogota]","result":"SKIPPED","precondition":false,"level":0,"lineNumber":0}],"userStory":{"id":"utest-register","storyName":"uTest register","path":"src/test/resources/features/uTest.feature","narrative":"    As a user, I want to be able to register on the uTest page","type":"feature"},"featureTag":{"name":"Features/uTest register","type":"feature","displayName":"Features/uTest register"},"title":"Enter the registry by clicking on Join Today","tags":[{"name":"scenario1","type":"tag","displayName":"scenario1"},{"name":"stories","type":"tag","displayName":"stories"},{"name":"uTest register","type":"feature","displayName":"uTest register"}],"startTime":"2021-10-30T04:16:13.879-05:00[America/Bogota]","duration":34581,"testFailureCause":{"errorType":"net.thucydides.core.webdriver.exceptions.ElementShouldBeEnabledException","message":"Expected enabled element was not enabled","stackTrace":[{"declaringClass":"co.com.choucair.certification.pruebatecnica.tasks.RegisterUser","methodName":"performAs","fileName":"RegisterUser.java","lineNumber":28},{"declaringClass":"co.com.choucair.certification.pruebatecnica.stepdefinitions.uTestStepDefinitions","methodName":"heClicksOnTheJoinTodayButton","fileName":"uTestStepDefinitions.java","lineNumber":29},{"declaringClass":"cucumber.runner.Runner","methodName":"runPickle","fileName":"Runner.java","lineNumber":80}],"rootCause":{"errorType":"org.openqa.selenium.TimeoutException","message":"Expected condition failed: waiting for By.className: form-group address col-xs-12 col-sm-12 col-md-12 col-lg-12 to be enabled (tried for 5 second(s) with 100 milliseconds interval)","stackTrace":[{"declaringClass":"co.com.choucair.certification.pruebatecnica.tasks.RegisterUser","methodName":"performAs","fileName":"RegisterUser.java","lineNumber":28},{"declaringClass":"co.com.choucair.certification.pruebatecnica.stepdefinitions.uTestStepDefinitions","methodName":"heClicksOnTheJoinTodayButton","fileName":"uTestStepDefinitions.java","lineNumber":29},{"declaringClass":"cucumber.runner.Runner","methodName":"runPickle","fileName":"Runner.java","lineNumber":80}],"rootCause":{"errorType":"org.openqa.selenium.NoSuchElementException","message":"no such element: Unable to locate element: {\"method\":\"css selector\",\"selector\":\".form\\-group\\ address\\ col\\-xs\\-12\\ col\\-sm\\-12\\ col\\-md\\-12\\ col\\-lg\\-12\"}\n  (Session info: chrome\u003d95.0.4638.69)\nFor documentation on this error, please visit: https://www.seleniumhq.org/exceptions/no_such_element.html\nBuild info: version: \u00273.141.59\u0027, revision: \u0027e82be7d358\u0027, time: \u00272018-11-14T08:17:03\u0027\nSystem info: host: \u0027LAPTOP-NKQOBQF1\u0027, ip: \u0027192.168.56.1\u0027, os.name: \u0027Windows 10\u0027, os.arch: \u0027amd64\u0027, os.version: \u002710.0\u0027, java.version: \u00271.8.0_301\u0027\nDriver info: org.openqa.selenium.chrome.ChromeDriver\nCapabilities {acceptInsecureCerts: false, browserName: chrome, browserVersion: 95.0.4638.69, chrome: {chromedriverVersion: 94.0.4606.41 (333e85df3c9b6..., userDataDir: C:\\Users\\roaco\\AppData\\Loca...}, goog:chromeOptions: {debuggerAddress: localhost:63939}, javascriptEnabled: true, networkConnectionEnabled: false, pageLoadStrategy: normal, platform: WINDOWS, platformName: WINDOWS, proxy: Proxy(), setWindowRect: true, strictFileInteractability: false, timeouts: {implicit: 0, pageLoad: 300000, script: 30000}, unhandledPromptBehavior: dismiss and notify, webauthn:extension:credBlob: true, webauthn:extension:largeBlob: true, webauthn:virtualAuthenticators: true}\nSession ID: 7845a7f8a1ccd0216a10efa02a29922e\n*** Element info: {Using\u003dclass name, value\u003dform-group address col-xs-12 col-sm-12 col-md-12 col-lg-12}","stackTrace":[{"declaringClass":"co.com.choucair.certification.pruebatecnica.tasks.RegisterUser","methodName":"performAs","fileName":"RegisterUser.java","lineNumber":28},{"declaringClass":"co.com.choucair.certification.pruebatecnica.stepdefinitions.uTestStepDefinitions","methodName":"heClicksOnTheJoinTodayButton","fileName":"uTestStepDefinitions.java","lineNumber":29},{"declaringClass":"cucumber.runner.Runner","methodName":"runPickle","fileName":"Runner.java","lineNumber":80}]}}},"testFailureClassname":"net.thucydides.core.webdriver.exceptions.ElementShouldBeEnabledException","testFailureMessage":"Expected enabled element was not enabled","testFailureSummary":"FAILURE;net.thucydides.core.webdriver.exceptions.ElementShouldBeEnabledException;Expected enabled element was not enabled;RegisterUser.java","projectKey":"","annotatedResult":"FAILURE","sessionId":"7845a7f8a1ccd0216a10efa02a29922e","driver":"chrome:rodrigo","isManualTestingUpToDate":false,"manual":false,"testSource":"Cucumber","actors":[{"name":"Rodrigo","can":["browse the web"]}],"result":"FAILURE"}